<?xml version="1.0" encoding="UTF-8"?>
<!-- Generated by org.testng.reporters.JUnitXMLReporter -->
<testsuite hostname="TL0017" ignored="0" name="Test" tests="2" failures="1" timestamp="2023-07-09T12:56:54 IST" time="144.375" errors="0">
  <testcase name="verifyLoginFunctality" time="13.117" classname="testcase.VerifyLogin"/>
  <testcase name="verifyLoginFunctality" time="76.589" classname="testcase.VerifyCreateLead">
    <failure type="java.lang.NullPointerException">
      <![CDATA[java.lang.NullPointerException
at pages.ViewLeadPage.verifyViewLead(ViewLeadPage.java:9)
at testcase.VerifyCreateLead.verifyLoginFunctality(VerifyCreateLead.java:17)
at java.util.concurrent.ThreadPoolExecutor.runWorker(ThreadPoolExecutor.java:1149)
at java.util.concurrent.ThreadPoolExecutor$Worker.run(ThreadPoolExecutor.java:624)
at java.lang.Thread.run(Thread.java:748)
... Removed 12 stack frames]]>
    </failure>
  </testcase> <!-- verifyLoginFunctality -->
</testsuite> <!-- Test -->
